LOG GENERATED ON 2/24/2026 - 7:02:29 PM
------ STARTING ------

7:02:29 PM - [LOGWIZARD]: Initialized
7:02:29 PM - [SERVER]: starting server :3
7:02:29 PM - [CACHEWIZARD]: Initialized
7:02:29 PM - [CACHEWIZARD]: Adding root to cache: /Users/julientherrien/Projects/website/website/src/res
7:02:29 PM - [CACHEWIZARD]: Adding root to cache: /Users/julientherrien/Projects/website/website/src/pages
7:02:29 PM - [DATABASE]: Initialized
7:02:29 PM - [SERVER]: server initalized >:3
7:02:29 PM - [SERVER]: server started :33
------ STARTING ------

7:05:06 PM - [LOGWIZARD]: Initialized
7:05:06 PM - [SERVER]: starting server :3
7:05:06 PM - [CACHEWIZARD]: Initialized
7:05:06 PM - [CACHEWIZARD]: Adding root to cache: /Users/julientherrien/Projects/website/website/src/res
7:05:06 PM - [CACHEWIZARD]: Adding root to cache: /Users/julientherrien/Projects/website/website/src/pages
7:05:06 PM - [DATABASE]: Initialized
7:05:06 PM - [SERVER]: server initalized >:3
7:05:06 PM - [SERVER]: server started :33
7:05:11 PM - [CHAT]: gurt has connected
7:05:18 PM - [CHAT]: #FFBDBC[gurt]: gurt
7:06:05 PM - [CHAT]: gurt has disconnected
